{"/Users/jenbeltran/Documents/code-projects/snack-app/pages/all_snacks.js": {"path":"/Users/jenbeltran/Documents/code-projects/snack-app/pages/all_snacks.js","statementMap":{"0":{"start":{"line":5,"column":18},"end":{"line":25,"column":1}},"1":{"start":{"line":6,"column":1},"end":{"line":24,"column":3}},"2":{"start":{"line":12,"column":6},"end":{"line":19,"column":8}},"3":{"start":{"line":27,"column":0},"end":{"line":30,"column":2}},"4":{"start":{"line":28,"column":18},"end":{"line":28,"column":73}},"5":{"start":{"line":29,"column":1},"end":{"line":29,"column":24}}},"fnMap":{"0":{"name":"(anonymous_0)","decl":{"start":{"line":5,"column":18},"end":{"line":5,"column":19}},"loc":{"start":{"line":5,"column":33},"end":{"line":25,"column":1}},"line":5},"1":{"name":"(anonymous_1)","decl":{"start":{"line":11,"column":16},"end":{"line":11,"column":17}},"loc":{"start":{"line":12,"column":6},"end":{"line":19,"column":8}},"line":12},"2":{"name":"(anonymous_2)","decl":{"start":{"line":27,"column":28},"end":{"line":27,"column":29}},"loc":{"start":{"line":27,"column":40},"end":{"line":30,"column":1}},"line":27}},"branchMap":{},"s":{"0":1,"1":1,"2":2,"3":1,"4":0,"5":0},"f":{"0":1,"1":2,"2":0},"b":{},"_coverageSchema":"43e27e138ebf9cfc5966b082cf9a028302ed4184","hash":"a867a0d7e839caeb969007f0ef2fd149ed7e555a"}
,"/Users/jenbeltran/Documents/code-projects/snack-app/pages/index.js": {"path":"/Users/jenbeltran/Documents/code-projects/snack-app/pages/index.js","statementMap":{"0":{"start":{"line":6,"column":14},"end":{"line":6,"column":35}},"1":{"start":{"line":8,"column":27},"end":{"line":104,"column":1}},"2":{"start":{"line":9,"column":31},"end":{"line":9,"column":43}},"3":{"start":{"line":10,"column":29},"end":{"line":10,"column":41}},"4":{"start":{"line":12,"column":21},"end":{"line":14,"column":2}},"5":{"start":{"line":13,"column":2},"end":{"line":13,"column":27}},"6":{"start":{"line":16,"column":27},"end":{"line":40,"column":2}},"7":{"start":{"line":17,"column":2},"end":{"line":17,"column":25}},"8":{"start":{"line":19,"column":2},"end":{"line":23,"column":14}},"9":{"start":{"line":22,"column":19},"end":{"line":22,"column":69}},"10":{"start":{"line":24,"column":12},"end":{"line":24,"column":50}},"11":{"start":{"line":25,"column":2},"end":{"line":39,"column":37}},"12":{"start":{"line":26,"column":18},"end":{"line":26,"column":28}},"13":{"start":{"line":28,"column":4},"end":{"line":28,"column":22}},"14":{"start":{"line":29,"column":22},"end":{"line":29,"column":24}},"15":{"start":{"line":30,"column":21},"end":{"line":30,"column":48}},"16":{"start":{"line":31,"column":4},"end":{"line":35,"column":5}},"17":{"start":{"line":31,"column":17},"end":{"line":31,"column":18}},"18":{"start":{"line":32,"column":5},"end":{"line":34,"column":6}},"19":{"start":{"line":33,"column":6},"end":{"line":33,"column":30}},"20":{"start":{"line":36,"column":4},"end":{"line":36,"column":27}},"21":{"start":{"line":37,"column":4},"end":{"line":37,"column":32}},"22":{"start":{"line":39,"column":19},"end":{"line":39,"column":35}},"23":{"start":{"line":42,"column":29},"end":{"line":45,"column":2}},"24":{"start":{"line":43,"column":2},"end":{"line":43,"column":15}},"25":{"start":{"line":44,"column":2},"end":{"line":44,"column":16}},"26":{"start":{"line":46,"column":1},"end":{"line":103,"column":3}},"27":{"start":{"line":79,"column":6},"end":{"line":87,"column":8}}},"fnMap":{"0":{"name":"(anonymous_0)","decl":{"start":{"line":8,"column":27},"end":{"line":8,"column":28}},"loc":{"start":{"line":8,"column":33},"end":{"line":104,"column":1}},"line":8},"1":{"name":"(anonymous_1)","decl":{"start":{"line":12,"column":21},"end":{"line":12,"column":22}},"loc":{"start":{"line":12,"column":28},"end":{"line":14,"column":2}},"line":12},"2":{"name":"(anonymous_2)","decl":{"start":{"line":16,"column":27},"end":{"line":16,"column":28}},"loc":{"start":{"line":16,"column":38},"end":{"line":40,"column":2}},"line":16},"3":{"name":"(anonymous_3)","decl":{"start":{"line":22,"column":8},"end":{"line":22,"column":9}},"loc":{"start":{"line":22,"column":19},"end":{"line":22,"column":69}},"line":22},"4":{"name":"(anonymous_4)","decl":{"start":{"line":26,"column":9},"end":{"line":26,"column":10}},"loc":{"start":{"line":26,"column":18},"end":{"line":26,"column":28}},"line":26},"5":{"name":"(anonymous_5)","decl":{"start":{"line":27,"column":9},"end":{"line":27,"column":10}},"loc":{"start":{"line":27,"column":19},"end":{"line":38,"column":4}},"line":27},"6":{"name":"(anonymous_6)","decl":{"start":{"line":39,"column":10},"end":{"line":39,"column":11}},"loc":{"start":{"line":39,"column":19},"end":{"line":39,"column":35}},"line":39},"7":{"name":"(anonymous_7)","decl":{"start":{"line":42,"column":29},"end":{"line":42,"column":30}},"loc":{"start":{"line":42,"column":40},"end":{"line":45,"column":2}},"line":42},"8":{"name":"(anonymous_8)","decl":{"start":{"line":78,"column":17},"end":{"line":78,"column":18}},"loc":{"start":{"line":79,"column":6},"end":{"line":87,"column":8}},"line":79}},"branchMap":{"0":{"loc":{"start":{"line":32,"column":5},"end":{"line":34,"column":6}},"type":"if","locations":[{"start":{"line":32,"column":5},"end":{"line":34,"column":6}},{"start":{"line":32,"column":5},"end":{"line":34,"column":6}}],"line":32},"1":{"loc":{"start":{"line":32,"column":9},"end":{"line":32,"column":56}},"type":"binary-expr","locations":[{"start":{"line":32,"column":9},"end":{"line":32,"column":37}},{"start":{"line":32,"column":41},"end":{"line":32,"column":56}}],"line":32}},"s":{"0":1,"1":1,"2":6,"3":6,"4":6,"5":2,"6":6,"7":1,"8":1,"9":1,"10":1,"11":1,"12":1,"13":1,"14":1,"15":1,"16":1,"17":1,"18":2,"19":2,"20":1,"21":1,"22":0,"23":6,"24":0,"25":0,"26":6,"27":2},"f":{"0":6,"1":2,"2":1,"3":1,"4":1,"5":1,"6":0,"7":0,"8":2},"b":{"0":[2,0],"1":[2,2]},"_coverageSchema":"43e27e138ebf9cfc5966b082cf9a028302ed4184","hash":"6937fdb5e6af04130334125a4a2e91bb5a630908"}
,"/Users/jenbeltran/Documents/code-projects/snack-app/static/components/Cards.js": {"path":"/Users/jenbeltran/Documents/code-projects/snack-app/static/components/Cards.js","statementMap":{"0":{"start":{"line":5,"column":21},"end":{"line":29,"column":1}},"1":{"start":{"line":6,"column":1},"end":{"line":28,"column":3}}},"fnMap":{"0":{"name":"(anonymous_0)","decl":{"start":{"line":5,"column":21},"end":{"line":5,"column":22}},"loc":{"start":{"line":5,"column":32},"end":{"line":29,"column":1}},"line":5}},"branchMap":{},"s":{"0":2,"1":4},"f":{"0":4},"b":{},"_coverageSchema":"43e27e138ebf9cfc5966b082cf9a028302ed4184","hash":"108964c9fd45589366017c239297cf31d1856585"}
}
