TN:
SF:/Users/jenbeltran/Documents/code-projects/snack-app/pages/all_snacks.js
FN:5,(anonymous_0)
FN:11,(anonymous_1)
FN:27,(anonymous_2)
FNF:3
FNH:2
FNDA:1,(anonymous_0)
FNDA:2,(anonymous_1)
FNDA:0,(anonymous_2)
DA:5,1
DA:6,1
DA:12,2
DA:27,1
DA:28,0
DA:29,0
LF:6
LH:4
BRF:0
BRH:0
end_of_record
TN:
SF:/Users/jenbeltran/Documents/code-projects/snack-app/pages/index.js
FN:8,(anonymous_0)
FN:12,(anonymous_1)
FN:16,(anonymous_2)
FN:22,(anonymous_3)
FN:26,(anonymous_4)
FN:27,(anonymous_5)
FN:39,(anonymous_6)
FN:42,(anonymous_7)
FN:78,(anonymous_8)
FNF:9
FNH:7
FNDA:6,(anonymous_0)
FNDA:2,(anonymous_1)
FNDA:1,(anonymous_2)
FNDA:1,(anonymous_3)
FNDA:1,(anonymous_4)
FNDA:1,(anonymous_5)
FNDA:0,(anonymous_6)
FNDA:0,(anonymous_7)
FNDA:2,(anonymous_8)
DA:6,1
DA:8,1
DA:9,6
DA:10,6
DA:12,6
DA:13,2
DA:16,6
DA:17,1
DA:19,1
DA:22,1
DA:24,1
DA:25,1
DA:26,1
DA:28,1
DA:29,1
DA:30,1
DA:31,1
DA:32,2
DA:33,2
DA:36,1
DA:37,1
DA:39,0
DA:42,6
DA:43,0
DA:44,0
DA:46,6
DA:79,2
LF:27
LH:24
BRDA:32,0,0,2
BRDA:32,0,1,0
BRDA:32,1,0,2
BRDA:32,1,1,2
BRF:4
BRH:3
end_of_record
TN:
SF:/Users/jenbeltran/Documents/code-projects/snack-app/static/components/Cards.js
FN:5,(anonymous_0)
FNF:1
FNH:1
FNDA:4,(anonymous_0)
DA:5,2
DA:6,4
LF:2
LH:2
BRF:0
BRH:0
end_of_record
